{"/Users/chao.yang1/Learn/Express best practice/src/main/app.ts": {"path":"/Users/chao.yang1/Learn/Express best practice/src/main/app.ts","statementMap":{"0":{"start":{"line":1,"column":0},"end":{"line":1,"column":43}},"1":{"start":{"line":2,"column":0},"end":{"line":2,"column":37}},"2":{"start":{"line":3,"column":0},"end":{"line":3,"column":26}},"3":{"start":{"line":4,"column":0},"end":{"line":4,"column":30}},"4":{"start":{"line":5,"column":0},"end":{"line":5,"column":36}},"5":{"start":{"line":6,"column":0},"end":{"line":6,"column":34}},"6":{"start":{"line":7,"column":0},"end":{"line":7,"column":63}},"7":{"start":{"line":8,"column":0},"end":{"line":8,"column":34}},"8":{"start":{"line":9,"column":0},"end":{"line":9,"column":57}},"9":{"start":{"line":10,"column":0},"end":{"line":10,"column":24}},"10":{"start":{"line":12,"column":13},"end":{"line":12,"column":17}},"11":{"start":{"line":13,"column":21},"end":{"line":13,"column":30}},"12":{"start":{"line":14,"column":0},"end":{"line":14,"column":10}},"13":{"start":{"line":15,"column":0},"end":{"line":15,"column":16}},"14":{"start":{"line":16,"column":0},"end":{"line":16,"column":24}},"15":{"start":{"line":17,"column":0},"end":{"line":17,"column":26}},"16":{"start":{"line":18,"column":0},"end":{"line":18,"column":27}},"17":{"start":{"line":20,"column":0},"end":{"line":20,"column":49}},"18":{"start":{"line":21,"column":0},"end":{"line":21,"column":16}},"19":{"start":{"line":23,"column":0},"end":{"line":25,"column":3}},"20":{"start":{"line":24,"column":2},"end":{"line":24,"column":61}},"21":{"start":{"line":27,"column":0},"end":{"line":27,"column":19}}},"fnMap":{"0":{"name":"(anonymous_7)","decl":{"start":{"line":23,"column":17},"end":{"line":23,"column":20}},"loc":{"start":{"line":23,"column":22},"end":{"line":25,"column":1}}}},"branchMap":{},"s":{"0":1,"1":1,"2":1,"3":1,"4":1,"5":1,"6":1,"7":1,"8":1,"9":1,"10":1,"11":1,"12":1,"13":1,"14":1,"15":1,"16":1,"17":1,"18":1,"19":1,"20":1,"21":1},"f":{"0":1},"b":{}}
,"/Users/chao.yang1/Learn/Express best practice/src/main/router.ts": {"path":"/Users/chao.yang1/Learn/Express best practice/src/main/router.ts","statementMap":{"0":{"start":{"line":1,"column":0},"end":{"line":1,"column":33}},"1":{"start":{"line":2,"column":0},"end":{"line":2,"column":65}},"2":{"start":{"line":3,"column":0},"end":{"line":3,"column":65}},"3":{"start":{"line":4,"column":0},"end":{"line":4,"column":63}},"4":{"start":{"line":5,"column":0},"end":{"line":5,"column":71}},"5":{"start":{"line":6,"column":0},"end":{"line":6,"column":71}},"6":{"start":{"line":7,"column":0},"end":{"line":7,"column":71}},"7":{"start":{"line":8,"column":0},"end":{"line":8,"column":65}},"8":{"start":{"line":10,"column":15},"end":{"line":10,"column":23}},"9":{"start":{"line":11,"column":29},"end":{"line":11,"column":55}},"10":{"start":{"line":12,"column":30},"end":{"line":12,"column":57}},"11":{"start":{"line":13,"column":30},"end":{"line":13,"column":57}},"12":{"start":{"line":14,"column":33},"end":{"line":14,"column":63}},"13":{"start":{"line":15,"column":33},"end":{"line":15,"column":63}},"14":{"start":{"line":16,"column":33},"end":{"line":16,"column":63}},"15":{"start":{"line":18,"column":0},"end":{"line":18,"column":55}},"16":{"start":{"line":19,"column":0},"end":{"line":19,"column":73}},"17":{"start":{"line":20,"column":0},"end":{"line":20,"column":54}},"18":{"start":{"line":21,"column":0},"end":{"line":21,"column":79}},"19":{"start":{"line":22,"column":0},"end":{"line":26,"column":2}},"20":{"start":{"line":27,"column":0},"end":{"line":27,"column":64}},"21":{"start":{"line":28,"column":0},"end":{"line":28,"column":22}}},"fnMap":{},"branchMap":{},"s":{"0":1,"1":1,"2":1,"3":1,"4":1,"5":1,"6":1,"7":1,"8":1,"9":1,"10":1,"11":1,"12":1,"13":1,"14":1,"15":1,"16":1,"17":1,"18":1,"19":1,"20":1,"21":1},"f":{},"b":{}}
,"/Users/chao.yang1/Learn/Express best practice/src/main/controller/createTodo.ts": {"path":"/Users/chao.yang1/Learn/Express best practice/src/main/controller/createTodo.ts","statementMap":{"0":{"start":{"line":2,"column":0},"end":{"line":2,"column":49}},"1":{"start":{"line":3,"column":0},"end":{"line":3,"column":34}},"2":{"start":{"line":9,"column":2},"end":{"line":16,"column":4}},"3":{"start":{"line":9,"column":73},"end":{"line":16,"column":4}},"4":{"start":{"line":10,"column":4},"end":{"line":15,"column":null}},"5":{"start":{"line":11,"column":19},"end":{"line":11,"column":62}},"6":{"start":{"line":12,"column":6},"end":{"line":12,"column":28}},"7":{"start":{"line":14,"column":6},"end":{"line":14,"column":18}},"8":{"start":{"line":7,"column":4},"end":{"line":7,"column":45}},"9":{"start":{"line":4,"column":0},"end":{"line":4,"column":13}}},"fnMap":{"0":{"name":"(anonymous_8)","decl":{"start":{"line":6,"column":2},"end":{"line":6,"column":null}},"loc":{"start":{"line":6,"column":2},"end":{"line":8,"column":3}}},"1":{"name":"(anonymous_9)","decl":{"start":{"line":9,"column":15},"end":{"line":9,"column":22}},"loc":{"start":{"line":9,"column":73},"end":{"line":16,"column":4}}},"2":{"name":"(anonymous_10)","decl":{"start":{"line":9,"column":73},"end":{"line":9,"column":null}},"loc":{"start":{"line":9,"column":73},"end":{"line":16,"column":3}}}},"branchMap":{},"s":{"0":2,"1":2,"2":2,"3":1,"4":1,"5":1,"6":1,"7":0,"8":2,"9":2},"f":{"0":2,"1":1,"2":1},"b":{}}
,"/Users/chao.yang1/Learn/Express best practice/src/main/controller/deleteAllTodos.ts": {"path":"/Users/chao.yang1/Learn/Express best practice/src/main/controller/deleteAllTodos.ts","statementMap":{"0":{"start":{"line":2,"column":0},"end":{"line":2,"column":49}},"1":{"start":{"line":3,"column":0},"end":{"line":3,"column":34}},"2":{"start":{"line":9,"column":2},"end":{"line":16,"column":4}},"3":{"start":{"line":9,"column":77},"end":{"line":16,"column":4}},"4":{"start":{"line":10,"column":4},"end":{"line":15,"column":null}},"5":{"start":{"line":11,"column":22},"end":{"line":11,"column":61}},"6":{"start":{"line":12,"column":6},"end":{"line":12,"column":31}},"7":{"start":{"line":14,"column":6},"end":{"line":14,"column":18}},"8":{"start":{"line":7,"column":4},"end":{"line":7,"column":45}},"9":{"start":{"line":4,"column":0},"end":{"line":4,"column":13}}},"fnMap":{"0":{"name":"(anonymous_8)","decl":{"start":{"line":6,"column":2},"end":{"line":6,"column":null}},"loc":{"start":{"line":6,"column":2},"end":{"line":8,"column":3}}},"1":{"name":"(anonymous_9)","decl":{"start":{"line":9,"column":19},"end":{"line":9,"column":26}},"loc":{"start":{"line":9,"column":77},"end":{"line":16,"column":4}}},"2":{"name":"(anonymous_10)","decl":{"start":{"line":9,"column":77},"end":{"line":9,"column":null}},"loc":{"start":{"line":9,"column":77},"end":{"line":16,"column":3}}}},"branchMap":{},"s":{"0":2,"1":2,"2":2,"3":1,"4":1,"5":1,"6":1,"7":0,"8":2,"9":2},"f":{"0":2,"1":1,"2":1},"b":{}}
,"/Users/chao.yang1/Learn/Express best practice/src/main/controller/deleteTodoById.ts": {"path":"/Users/chao.yang1/Learn/Express best practice/src/main/controller/deleteTodoById.ts","statementMap":{"0":{"start":{"line":1,"column":0},"end":{"line":1,"column":68}},"1":{"start":{"line":3,"column":0},"end":{"line":3,"column":49}},"2":{"start":{"line":4,"column":0},"end":{"line":4,"column":34}},"3":{"start":{"line":10,"column":2},"end":{"line":17,"column":4}},"4":{"start":{"line":10,"column":77},"end":{"line":17,"column":4}},"5":{"start":{"line":11,"column":17},"end":{"line":11,"column":69}},"6":{"start":{"line":12,"column":4},"end":{"line":16,"column":null}},"7":{"start":{"line":13,"column":6},"end":{"line":13,"column":28}},"8":{"start":{"line":15,"column":6},"end":{"line":15,"column":53}},"9":{"start":{"line":8,"column":4},"end":{"line":8,"column":45}},"10":{"start":{"line":5,"column":0},"end":{"line":5,"column":13}}},"fnMap":{"0":{"name":"(anonymous_8)","decl":{"start":{"line":7,"column":2},"end":{"line":7,"column":null}},"loc":{"start":{"line":7,"column":2},"end":{"line":9,"column":3}}},"1":{"name":"(anonymous_9)","decl":{"start":{"line":10,"column":19},"end":{"line":10,"column":26}},"loc":{"start":{"line":10,"column":77},"end":{"line":17,"column":4}}},"2":{"name":"(anonymous_10)","decl":{"start":{"line":10,"column":77},"end":{"line":10,"column":null}},"loc":{"start":{"line":10,"column":77},"end":{"line":17,"column":3}}}},"branchMap":{"0":{"loc":{"start":{"line":12,"column":4},"end":{"line":16,"column":null}},"type":"if","locations":[{"start":{"line":12,"column":4},"end":{"line":16,"column":null}},{"start":{"line":14,"column":11},"end":{"line":16,"column":null}}]}},"s":{"0":2,"1":2,"2":2,"3":2,"4":2,"5":2,"6":2,"7":1,"8":1,"9":2,"10":2},"f":{"0":2,"1":2,"2":2},"b":{"0":[1,1]}}
,"/Users/chao.yang1/Learn/Express best practice/src/main/controller/getAllTodos.ts": {"path":"/Users/chao.yang1/Learn/Express best practice/src/main/controller/getAllTodos.ts","statementMap":{"0":{"start":{"line":2,"column":0},"end":{"line":2,"column":49}},"1":{"start":{"line":3,"column":0},"end":{"line":3,"column":34}},"2":{"start":{"line":9,"column":2},"end":{"line":16,"column":4}},"3":{"start":{"line":9,"column":74},"end":{"line":16,"column":4}},"4":{"start":{"line":10,"column":4},"end":{"line":15,"column":null}},"5":{"start":{"line":11,"column":20},"end":{"line":11,"column":56}},"6":{"start":{"line":12,"column":6},"end":{"line":12,"column":29}},"7":{"start":{"line":14,"column":6},"end":{"line":14,"column":18}},"8":{"start":{"line":7,"column":4},"end":{"line":7,"column":45}},"9":{"start":{"line":4,"column":0},"end":{"line":4,"column":13}}},"fnMap":{"0":{"name":"(anonymous_8)","decl":{"start":{"line":6,"column":2},"end":{"line":6,"column":null}},"loc":{"start":{"line":6,"column":2},"end":{"line":8,"column":3}}},"1":{"name":"(anonymous_9)","decl":{"start":{"line":9,"column":16},"end":{"line":9,"column":23}},"loc":{"start":{"line":9,"column":74},"end":{"line":16,"column":4}}},"2":{"name":"(anonymous_10)","decl":{"start":{"line":9,"column":74},"end":{"line":9,"column":null}},"loc":{"start":{"line":9,"column":74},"end":{"line":16,"column":3}}}},"branchMap":{},"s":{"0":2,"1":2,"2":2,"3":2,"4":2,"5":2,"6":2,"7":0,"8":2,"9":2},"f":{"0":2,"1":2,"2":2},"b":{}}
,"/Users/chao.yang1/Learn/Express best practice/src/main/controller/getTodoById.ts": {"path":"/Users/chao.yang1/Learn/Express best practice/src/main/controller/getTodoById.ts","statementMap":{"0":{"start":{"line":2,"column":0},"end":{"line":2,"column":49}},"1":{"start":{"line":3,"column":0},"end":{"line":3,"column":68}},"2":{"start":{"line":4,"column":0},"end":{"line":4,"column":34}},"3":{"start":{"line":10,"column":2},"end":{"line":21,"column":4}},"4":{"start":{"line":10,"column":74},"end":{"line":21,"column":4}},"5":{"start":{"line":11,"column":4},"end":{"line":20,"column":null}},"6":{"start":{"line":12,"column":19},"end":{"line":12,"column":68}},"7":{"start":{"line":13,"column":6},"end":{"line":17,"column":null}},"8":{"start":{"line":14,"column":8},"end":{"line":14,"column":30}},"9":{"start":{"line":16,"column":8},"end":{"line":16,"column":55}},"10":{"start":{"line":19,"column":6},"end":{"line":19,"column":18}},"11":{"start":{"line":8,"column":4},"end":{"line":8,"column":45}},"12":{"start":{"line":5,"column":0},"end":{"line":5,"column":13}}},"fnMap":{"0":{"name":"(anonymous_8)","decl":{"start":{"line":7,"column":2},"end":{"line":7,"column":null}},"loc":{"start":{"line":7,"column":2},"end":{"line":9,"column":3}}},"1":{"name":"(anonymous_9)","decl":{"start":{"line":10,"column":16},"end":{"line":10,"column":23}},"loc":{"start":{"line":10,"column":74},"end":{"line":21,"column":4}}},"2":{"name":"(anonymous_10)","decl":{"start":{"line":10,"column":74},"end":{"line":10,"column":null}},"loc":{"start":{"line":10,"column":74},"end":{"line":21,"column":3}}}},"branchMap":{"0":{"loc":{"start":{"line":13,"column":6},"end":{"line":17,"column":null}},"type":"if","locations":[{"start":{"line":13,"column":6},"end":{"line":17,"column":null}},{"start":{"line":15,"column":13},"end":{"line":17,"column":null}}]}},"s":{"0":2,"1":2,"2":2,"3":2,"4":2,"5":2,"6":2,"7":2,"8":1,"9":1,"10":0,"11":2,"12":2},"f":{"0":2,"1":2,"2":2},"b":{"0":[1,1]}}
,"/Users/chao.yang1/Learn/Express best practice/src/main/controller/updateTodoById.ts": {"path":"/Users/chao.yang1/Learn/Express best practice/src/main/controller/updateTodoById.ts","statementMap":{"0":{"start":{"line":2,"column":0},"end":{"line":2,"column":49}},"1":{"start":{"line":3,"column":0},"end":{"line":3,"column":68}},"2":{"start":{"line":4,"column":0},"end":{"line":4,"column":34}},"3":{"start":{"line":10,"column":2},"end":{"line":24,"column":4}},"4":{"start":{"line":10,"column":77},"end":{"line":24,"column":4}},"5":{"start":{"line":11,"column":4},"end":{"line":23,"column":null}},"6":{"start":{"line":12,"column":19},"end":{"line":14,"column":null}},"7":{"start":{"line":16,"column":6},"end":{"line":20,"column":null}},"8":{"start":{"line":17,"column":8},"end":{"line":17,"column":30}},"9":{"start":{"line":19,"column":8},"end":{"line":19,"column":55}},"10":{"start":{"line":22,"column":6},"end":{"line":22,"column":18}},"11":{"start":{"line":8,"column":4},"end":{"line":8,"column":45}},"12":{"start":{"line":5,"column":0},"end":{"line":5,"column":13}}},"fnMap":{"0":{"name":"(anonymous_8)","decl":{"start":{"line":7,"column":2},"end":{"line":7,"column":null}},"loc":{"start":{"line":7,"column":2},"end":{"line":9,"column":3}}},"1":{"name":"(anonymous_9)","decl":{"start":{"line":10,"column":19},"end":{"line":10,"column":26}},"loc":{"start":{"line":10,"column":77},"end":{"line":24,"column":4}}},"2":{"name":"(anonymous_10)","decl":{"start":{"line":10,"column":77},"end":{"line":10,"column":null}},"loc":{"start":{"line":10,"column":77},"end":{"line":24,"column":3}}}},"branchMap":{"0":{"loc":{"start":{"line":16,"column":6},"end":{"line":20,"column":null}},"type":"if","locations":[{"start":{"line":16,"column":6},"end":{"line":20,"column":null}},{"start":{"line":18,"column":13},"end":{"line":20,"column":null}}]}},"s":{"0":2,"1":2,"2":2,"3":2,"4":2,"5":2,"6":2,"7":2,"8":1,"9":1,"10":0,"11":2,"12":2},"f":{"0":2,"1":2,"2":2},"b":{"0":[1,1]}}
,"/Users/chao.yang1/Learn/Express best practice/src/main/db/db.ts": {"path":"/Users/chao.yang1/Learn/Express best practice/src/main/db/db.ts","statementMap":{"0":{"start":{"line":1,"column":0},"end":{"line":1,"column":32}},"1":{"start":{"line":3,"column":20},"end":{"line":3,"column":102}},"2":{"start":{"line":5,"column":13},"end":{"line":14,"column":5}},"3":{"start":{"line":8,"column":4},"end":{"line":10,"column":6}},"4":{"start":{"line":13,"column":4},"end":{"line":13,"column":16}}},"fnMap":{"0":{"name":"(anonymous_1)","decl":{"start":{"line":7,"column":8},"end":{"line":7,"column":11}},"loc":{"start":{"line":7,"column":13},"end":{"line":11,"column":3}}},"1":{"name":"(anonymous_2)","decl":{"start":{"line":12,"column":9},"end":{"line":12,"column":10}},"loc":{"start":{"line":12,"column":19},"end":{"line":14,"column":3}}}},"branchMap":{},"s":{"0":1,"1":1,"2":1,"3":1,"4":0},"f":{"0":1,"1":0},"b":{}}
,"/Users/chao.yang1/Learn/Express best practice/src/main/exceptions/HttpException.ts": {"path":"/Users/chao.yang1/Learn/Express best practice/src/main/exceptions/HttpException.ts","statementMap":{"0":{"start":{"line":5,"column":4},"end":{"line":5,"column":19}},"1":{"start":{"line":6,"column":4},"end":{"line":6,"column":25}},"2":{"start":{"line":7,"column":4},"end":{"line":7,"column":27}},"3":{"start":{"line":1,"column":0},"end":{"line":1,"column":13}}},"fnMap":{"0":{"name":"(anonymous_0)","decl":{"start":{"line":4,"column":2},"end":{"line":4,"column":14}},"loc":{"start":{"line":4,"column":45},"end":{"line":8,"column":3}}}},"branchMap":{},"s":{"0":8,"1":8,"2":8,"3":5},"f":{"0":8},"b":{}}
,"/Users/chao.yang1/Learn/Express best practice/src/main/exceptions/NotFoundException.ts": {"path":"/Users/chao.yang1/Learn/Express best practice/src/main/exceptions/NotFoundException.ts","statementMap":{"0":{"start":{"line":1,"column":0},"end":{"line":1,"column":48}},"1":{"start":{"line":5,"column":4},"end":{"line":5,"column":47}},"2":{"start":{"line":9,"column":0},"end":{"line":9,"column":37}}},"fnMap":{"0":{"name":"(anonymous_0)","decl":{"start":{"line":4,"column":2},"end":{"line":4,"column":14}},"loc":{"start":{"line":4,"column":24},"end":{"line":6,"column":3}}}},"branchMap":{},"s":{"0":4,"1":6,"2":4},"f":{"0":6},"b":{}}
,"/Users/chao.yang1/Learn/Express best practice/src/main/lib/logger.ts": {"path":"/Users/chao.yang1/Learn/Express best practice/src/main/lib/logger.ts","statementMap":{"0":{"start":{"line":1,"column":0},"end":{"line":1,"column":30}},"1":{"start":{"line":3,"column":15},"end":{"line":9,"column":2}},"2":{"start":{"line":11,"column":14},"end":{"line":11,"column":21}},"3":{"start":{"line":18,"column":15},"end":{"line":24,"column":2}},"4":{"start":{"line":26,"column":0},"end":{"line":26,"column":26}},"5":{"start":{"line":28,"column":15},"end":{"line":33,"column":null}},"6":{"start":{"line":32,"column":14},"end":{"line":32,"column":64}},"7":{"start":{"line":36,"column":19},"end":{"line":44,"column":2}},"8":{"start":{"line":46,"column":15},"end":{"line":51,"column":2}},"9":{"start":{"line":53,"column":0},"end":{"line":53,"column":22}}},"fnMap":{"0":{"name":"(anonymous_1)","decl":{"start":{"line":32,"column":4},"end":{"line":32,"column":5}},"loc":{"start":{"line":32,"column":14},"end":{"line":32,"column":64}}}},"branchMap":{},"s":{"0":2,"1":2,"2":2,"3":2,"4":2,"5":2,"6":9,"7":2,"8":2,"9":2},"f":{"0":9},"b":{}}
,"/Users/chao.yang1/Learn/Express best practice/src/main/middleware/validationMiddleware.ts": {"path":"/Users/chao.yang1/Learn/Express best practice/src/main/middleware/validationMiddleware.ts","statementMap":{"0":{"start":{"line":1,"column":0},"end":{"line":1,"column":60}},"1":{"start":{"line":3,"column":0},"end":{"line":3,"column":43}},"2":{"start":{"line":5,"column":28},"end":{"line":16,"column":2}},"3":{"start":{"line":9,"column":4},"end":{"line":16,"column":2}},"4":{"start":{"line":10,"column":14},"end":{"line":10,"column":30}},"5":{"start":{"line":11,"column":2},"end":{"line":15,"column":null}},"6":{"start":{"line":12,"column":4},"end":{"line":12,"column":57}},"7":{"start":{"line":14,"column":4},"end":{"line":14,"column":11}},"8":{"start":{"line":5,"column":13},"end":{"line":5,"column":28}}},"fnMap":{"0":{"name":"(anonymous_7)","decl":{"start":{"line":5,"column":28},"end":{"line":5,"column":null}},"loc":{"start":{"line":9,"column":4},"end":{"line":16,"column":2}}},"1":{"name":"(anonymous_8)","decl":{"start":{"line":9,"column":4},"end":{"line":9,"column":null}},"loc":{"start":{"line":9,"column":4},"end":{"line":16,"column":1}}}},"branchMap":{"0":{"loc":{"start":{"line":11,"column":2},"end":{"line":15,"column":null}},"type":"if","locations":[{"start":{"line":11,"column":2},"end":{"line":15,"column":null}},{"start":{"line":13,"column":9},"end":{"line":15,"column":null}}]}},"s":{"0":2,"1":2,"2":2,"3":2,"4":2,"5":2,"6":1,"7":1,"8":2},"f":{"0":2,"1":2},"b":{"0":[1,1]}}
,"/Users/chao.yang1/Learn/Express best practice/src/main/models/todo.ts": {"path":"/Users/chao.yang1/Learn/Express best practice/src/main/models/todo.ts","statementMap":{"0":{"start":{"line":1,"column":0},"end":{"line":1,"column":41}},"1":{"start":{"line":3,"column":27},"end":{"line":26,"column":null}},"2":{"start":{"line":29,"column":0},"end":{"line":29,"column":48}}},"fnMap":{},"branchMap":{},"s":{"0":9,"1":9,"2":9},"f":{},"b":{}}
,"/Users/chao.yang1/Learn/Express best practice/src/main/schedulers/checkTodoStatus.ts": {"path":"/Users/chao.yang1/Learn/Express best practice/src/main/schedulers/checkTodoStatus.ts","statementMap":{"0":{"start":{"line":1,"column":0},"end":{"line":1,"column":28}},"1":{"start":{"line":2,"column":0},"end":{"line":2,"column":49}},"2":{"start":{"line":3,"column":0},"end":{"line":3,"column":34}},"3":{"start":{"line":4,"column":0},"end":{"line":4,"column":38}},"4":{"start":{"line":5,"column":0},"end":{"line":5,"column":53}},"5":{"start":{"line":6,"column":0},"end":{"line":6,"column":35}},"6":{"start":{"line":8,"column":20},"end":{"line":8,"column":41}},"7":{"start":{"line":9,"column":20},"end":{"line":9,"column":37}},"8":{"start":{"line":10,"column":31},"end":{"line":63,"column":2}},"9":{"start":{"line":10,"column":42},"end":{"line":63,"column":2}},"10":{"start":{"line":11,"column":14},"end":{"line":11,"column":45}},"11":{"start":{"line":12,"column":2},"end":{"line":14,"column":null}},"12":{"start":{"line":13,"column":4},"end":{"line":13,"column":11}},"13":{"start":{"line":16,"column":2},"end":{"line":57,"column":null}},"14":{"start":{"line":17,"column":22},"end":{"line":17,"column":56}},"15":{"start":{"line":18,"column":20},"end":{"line":18,"column":52}},"16":{"start":{"line":19,"column":24},"end":{"line":19,"column":44}},"17":{"start":{"line":21,"column":4},"end":{"line":24,"column":null}},"18":{"start":{"line":22,"column":6},"end":{"line":22,"column":71}},"19":{"start":{"line":23,"column":6},"end":{"line":23,"column":32}},"20":{"start":{"line":26,"column":4},"end":{"line":35,"column":null}},"21":{"start":{"line":31,"column":6},"end":{"line":31,"column":72}},"22":{"start":{"line":32,"column":6},"end":{"line":32,"column":35}},"23":{"start":{"line":33,"column":30},"end":{"line":33,"column":73}},"24":{"start":{"line":34,"column":6},"end":{"line":34,"column":34}},"25":{"start":{"line":37,"column":4},"end":{"line":44,"column":null}},"26":{"start":{"line":42,"column":6},"end":{"line":42,"column":71}},"27":{"start":{"line":43,"column":6},"end":{"line":43,"column":34}},"28":{"start":{"line":46,"column":23},"end":{"line":54,"column":6}},"29":{"start":{"line":56,"column":4},"end":{"line":56,"column":30}},"30":{"start":{"line":58,"column":2},"end":{"line":62,"column":4}},"31":{"start":{"line":10,"column":13},"end":{"line":10,"column":31}},"32":{"start":{"line":65,"column":24},"end":{"line":73,"column":1}},"33":{"start":{"line":70,"column":2},"end":{"line":72,"column":4}}},"fnMap":{"0":{"name":"(anonymous_8)","decl":{"start":{"line":10,"column":31},"end":{"line":10,"column":40}},"loc":{"start":{"line":10,"column":42},"end":{"line":63,"column":2}}},"1":{"name":"(anonymous_9)","decl":{"start":{"line":10,"column":42},"end":{"line":10,"column":null}},"loc":{"start":{"line":10,"column":42},"end":{"line":63,"column":1}}},"2":{"name":"(anonymous_10)","decl":{"start":{"line":65,"column":24},"end":{"line":65,"column":null}},"loc":{"start":{"line":69,"column":4},"end":{"line":73,"column":1}}}},"branchMap":{"0":{"loc":{"start":{"line":12,"column":2},"end":{"line":14,"column":null}},"type":"if","locations":[{"start":{"line":12,"column":2},"end":{"line":14,"column":null}}]},"1":{"loc":{"start":{"line":21,"column":4},"end":{"line":24,"column":null}},"type":"if","locations":[{"start":{"line":21,"column":4},"end":{"line":24,"column":null}}]},"2":{"loc":{"start":{"line":21,"column":8},"end":{"line":21,"column":61}},"type":"binary-expr","locations":[{"start":{"line":21,"column":8},"end":{"line":21,"column":31}},{"start":{"line":21,"column":35},"end":{"line":21,"column":61}}]},"3":{"loc":{"start":{"line":26,"column":4},"end":{"line":35,"column":null}},"type":"if","locations":[{"start":{"line":26,"column":4},"end":{"line":35,"column":null}}]},"4":{"loc":{"start":{"line":27,"column":6},"end":{"line":29,"column":37}},"type":"binary-expr","locations":[{"start":{"line":27,"column":6},"end":{"line":27,"column":27}},{"start":{"line":28,"column":6},"end":{"line":28,"column":35}},{"start":{"line":29,"column":6},"end":{"line":29,"column":37}}]},"5":{"loc":{"start":{"line":37,"column":4},"end":{"line":44,"column":null}},"type":"if","locations":[{"start":{"line":37,"column":4},"end":{"line":44,"column":null}}]},"6":{"loc":{"start":{"line":38,"column":6},"end":{"line":40,"column":34}},"type":"binary-expr","locations":[{"start":{"line":38,"column":6},"end":{"line":38,"column":29}},{"start":{"line":39,"column":6},"end":{"line":39,"column":25}},{"start":{"line":40,"column":6},"end":{"line":40,"column":34}}]}},"s":{"0":2,"1":2,"2":2,"3":2,"4":2,"5":2,"6":2,"7":2,"8":2,"9":1,"10":1,"11":1,"12":0,"13":1,"14":3,"15":3,"16":3,"17":3,"18":1,"19":1,"20":3,"21":3,"22":3,"23":3,"24":3,"25":3,"26":1,"27":1,"28":3,"29":3,"30":1,"31":2,"32":2,"33":5},"f":{"0":1,"1":1,"2":5},"b":{"0":[0],"1":[1],"2":[3,1],"3":[3],"4":[3,3,3],"5":[1],"6":[3,2,1]}}
,"/Users/chao.yang1/Learn/Express best practice/src/main/service/mailService.ts": {"path":"/Users/chao.yang1/Learn/Express best practice/src/main/service/mailService.ts","statementMap":{"0":{"start":{"line":1,"column":0},"end":{"line":1,"column":36}},"1":{"start":{"line":5,"column":2},"end":{"line":11,"column":5}},"2":{"start":{"line":13,"column":2},"end":{"line":18,"column":4}},"3":{"start":{"line":21,"column":4},"end":{"line":21,"column":39}},"4":{"start":{"line":22,"column":4},"end":{"line":22,"column":36}},"5":{"start":{"line":23,"column":4},"end":{"line":29,"column":7}},"6":{"start":{"line":24,"column":6},"end":{"line":28,"column":null}},"7":{"start":{"line":25,"column":8},"end":{"line":25,"column":51}},"8":{"start":{"line":27,"column":8},"end":{"line":27,"column":47}},"9":{"start":{"line":3,"column":0},"end":{"line":3,"column":13}}},"fnMap":{"0":{"name":"(anonymous_1)","decl":{"start":{"line":4,"column":2},"end":{"line":4,"column":17}},"loc":{"start":{"line":4,"column":2},"end":{"line":4,"column":18}}},"1":{"name":"(anonymous_2)","decl":{"start":{"line":20,"column":9},"end":{"line":20,"column":15}},"loc":{"start":{"line":20,"column":31},"end":{"line":30,"column":3}}},"2":{"name":"(anonymous_3)","decl":{"start":{"line":23,"column":52},"end":{"line":23,"column":62}},"loc":{"start":{"line":23,"column":71},"end":{"line":29,"column":5}}}},"branchMap":{"0":{"loc":{"start":{"line":24,"column":6},"end":{"line":28,"column":null}},"type":"if","locations":[{"start":{"line":24,"column":6},"end":{"line":28,"column":null}},{"start":{"line":26,"column":13},"end":{"line":28,"column":null}}]}},"s":{"0":2,"1":2,"2":2,"3":0,"4":0,"5":0,"6":0,"7":0,"8":0,"9":2},"f":{"0":2,"1":0,"2":0},"b":{"0":[0,0]}}
,"/Users/chao.yang1/Learn/Express best practice/src/main/service/todoService.ts": {"path":"/Users/chao.yang1/Learn/Express best practice/src/main/service/todoService.ts","statementMap":{"0":{"start":{"line":7,"column":4},"end":{"line":7,"column":26}},"1":{"start":{"line":10,"column":27},"end":{"line":10,"column":51}},"2":{"start":{"line":11,"column":4},"end":{"line":11,"column":17}},"3":{"start":{"line":14,"column":31},"end":{"line":14,"column":59}},"4":{"start":{"line":15,"column":4},"end":{"line":15,"column":16}},"5":{"start":{"line":18,"column":17},"end":{"line":18,"column":69}},"6":{"start":{"line":19,"column":4},"end":{"line":19,"column":16}},"7":{"start":{"line":22,"column":17},"end":{"line":22,"column":null}},"8":{"start":{"line":32,"column":17},"end":{"line":39,"column":6}},"9":{"start":{"line":40,"column":4},"end":{"line":40,"column":22}},"10":{"start":{"line":41,"column":4},"end":{"line":41,"column":16}},"11":{"start":{"line":45,"column":31},"end":{"line":45,"column":77}},"12":{"start":{"line":46,"column":4},"end":{"line":46,"column":16}},"13":{"start":{"line":50,"column":4},"end":{"line":50,"column":35}},"14":{"start":{"line":51,"column":4},"end":{"line":51,"column":31}},"15":{"start":{"line":4,"column":0},"end":{"line":4,"column":21}}},"fnMap":{"0":{"name":"(anonymous_7)","decl":{"start":{"line":6,"column":2},"end":{"line":6,"column":14}},"loc":{"start":{"line":6,"column":37},"end":{"line":8,"column":3}}},"1":{"name":"(anonymous_8)","decl":{"start":{"line":9,"column":15},"end":{"line":9,"column":26}},"loc":{"start":{"line":9,"column":26},"end":{"line":12,"column":null}}},"2":{"name":"(anonymous_10)","decl":{"start":{"line":13,"column":15},"end":{"line":13,"column":26}},"loc":{"start":{"line":13,"column":37},"end":{"line":16,"column":null}}},"3":{"name":"(anonymous_12)","decl":{"start":{"line":17,"column":15},"end":{"line":17,"column":29}},"loc":{"start":{"line":17,"column":54},"end":{"line":20,"column":null}}},"4":{"name":"(anonymous_14)","decl":{"start":{"line":21,"column":15},"end":{"line":21,"column":25}},"loc":{"start":{"line":21,"column":41},"end":{"line":42,"column":null}}},"5":{"name":"(anonymous_16)","decl":{"start":{"line":44,"column":15},"end":{"line":44,"column":29}},"loc":{"start":{"line":44,"column":40},"end":{"line":47,"column":null}}},"6":{"name":"(anonymous_18)","decl":{"start":{"line":49,"column":15},"end":{"line":49,"column":29}},"loc":{"start":{"line":49,"column":29},"end":{"line":52,"column":null}}}},"branchMap":{},"s":{"0":11,"1":2,"2":2,"3":2,"4":2,"5":2,"6":2,"7":1,"8":1,"9":1,"10":1,"11":2,"12":2,"13":1,"14":1,"15":9},"f":{"0":11,"1":2,"2":2,"3":2,"4":1,"5":2,"6":1},"b":{}}
,"/Users/chao.yang1/Learn/Express best practice/src/test/connectDBForTesting.ts": {"path":"/Users/chao.yang1/Learn/Express best practice/src/test/connectDBForTesting.ts","statementMap":{"0":{"start":{"line":1,"column":0},"end":{"line":1,"column":32}},"1":{"start":{"line":2,"column":0},"end":{"line":2,"column":58}},"2":{"start":{"line":6,"column":2},"end":{"line":6,"column":43}},"3":{"start":{"line":7,"column":14},"end":{"line":7,"column":28}},"4":{"start":{"line":8,"column":17},"end":{"line":8,"column":23}},"5":{"start":{"line":9,"column":2},"end":{"line":17,"column":7}},"6":{"start":{"line":15,"column":6},"end":{"line":15,"column":38}},"7":{"start":{"line":16,"column":6},"end":{"line":16,"column":18}},"8":{"start":{"line":5,"column":0},"end":{"line":5,"column":22}},"9":{"start":{"line":21,"column":2},"end":{"line":21,"column":43}},"10":{"start":{"line":22,"column":2},"end":{"line":24,"column":5}},"11":{"start":{"line":23,"column":4},"end":{"line":23,"column":16}},"12":{"start":{"line":25,"column":2},"end":{"line":25,"column":21}},"13":{"start":{"line":20,"column":0},"end":{"line":20,"column":22}},"14":{"start":{"line":29,"column":21},"end":{"line":29,"column":52}},"15":{"start":{"line":30,"column":2},"end":{"line":35,"column":null}},"16":{"start":{"line":31,"column":23},"end":{"line":31,"column":38}},"17":{"start":{"line":32,"column":4},"end":{"line":34,"column":7}},"18":{"start":{"line":33,"column":6},"end":{"line":33,"column":18}},"19":{"start":{"line":28,"column":0},"end":{"line":28,"column":22}}},"fnMap":{"0":{"name":"connectDBForTesting","decl":{"start":{"line":5,"column":22},"end":{"line":5,"column":41}},"loc":{"start":{"line":5,"column":41},"end":{"line":18,"column":null}}},"1":{"name":"(anonymous_10)","decl":{"start":{"line":14,"column":11},"end":{"line":14,"column":12}},"loc":{"start":{"line":14,"column":21},"end":{"line":17,"column":5}}},"2":{"name":"disconnectDBForTesting","decl":{"start":{"line":20,"column":22},"end":{"line":20,"column":44}},"loc":{"start":{"line":20,"column":44},"end":{"line":26,"column":null}}},"3":{"name":"(anonymous_13)","decl":{"start":{"line":22,"column":42},"end":{"line":22,"column":43}},"loc":{"start":{"line":22,"column":52},"end":{"line":24,"column":3}}},"4":{"name":"clearDBForTesting","decl":{"start":{"line":28,"column":22},"end":{"line":28,"column":39}},"loc":{"start":{"line":28,"column":39},"end":{"line":36,"column":null}}},"5":{"name":"(anonymous_16)","decl":{"start":{"line":32,"column":42},"end":{"line":32,"column":43}},"loc":{"start":{"line":32,"column":52},"end":{"line":34,"column":5}}}},"branchMap":{},"s":{"0":2,"1":2,"2":2,"3":2,"4":2,"5":2,"6":0,"7":0,"8":2,"9":2,"10":2,"11":0,"12":2,"13":2,"14":10,"15":10,"16":10,"17":10,"18":0,"19":2},"f":{"0":2,"1":0,"2":2,"3":0,"4":10,"5":0},"b":{}}
}
