TN:
SF:src/main/app.ts
FN:23,(anonymous_7)
FNF:1
FNH:1
FNDA:1,(anonymous_7)
DA:1,1
DA:2,1
DA:3,1
DA:4,1
DA:5,1
DA:6,1
DA:7,1
DA:8,1
DA:9,1
DA:10,1
DA:12,1
DA:13,1
DA:14,1
DA:15,1
DA:16,1
DA:17,1
DA:18,1
DA:20,1
DA:21,1
DA:23,1
DA:24,1
DA:27,1
LF:22
LH:22
BRF:0
BRH:0
end_of_record
TN:
SF:src/main/router.ts
FNF:0
FNH:0
DA:1,1
DA:2,1
DA:3,1
DA:4,1
DA:5,1
DA:6,1
DA:7,1
DA:8,1
DA:10,1
DA:11,1
DA:12,1
DA:13,1
DA:14,1
DA:15,1
DA:16,1
DA:18,1
DA:19,1
DA:20,1
DA:21,1
DA:22,1
DA:27,1
DA:28,1
LF:22
LH:22
BRF:0
BRH:0
end_of_record
TN:
SF:src/main/controller/createTodo.ts
FN:6,(anonymous_8)
FN:9,(anonymous_9)
FN:9,(anonymous_10)
FNF:3
FNH:3
FNDA:2,(anonymous_8)
FNDA:1,(anonymous_9)
FNDA:1,(anonymous_10)
DA:2,2
DA:3,2
DA:4,2
DA:7,2
DA:9,2
DA:10,1
DA:11,1
DA:12,1
DA:14,0
LF:9
LH:8
BRF:0
BRH:0
end_of_record
TN:
SF:src/main/controller/deleteAllTodos.ts
FN:6,(anonymous_8)
FN:9,(anonymous_9)
FN:9,(anonymous_10)
FNF:3
FNH:3
FNDA:2,(anonymous_8)
FNDA:1,(anonymous_9)
FNDA:1,(anonymous_10)
DA:2,2
DA:3,2
DA:4,2
DA:7,2
DA:9,2
DA:10,1
DA:11,1
DA:12,1
DA:14,0
LF:9
LH:8
BRF:0
BRH:0
end_of_record
TN:
SF:src/main/controller/deleteTodoById.ts
FN:7,(anonymous_8)
FN:10,(anonymous_9)
FN:10,(anonymous_10)
FNF:3
FNH:3
FNDA:2,(anonymous_8)
FNDA:2,(anonymous_9)
FNDA:2,(anonymous_10)
DA:1,2
DA:3,2
DA:4,2
DA:5,2
DA:8,2
DA:10,2
DA:11,2
DA:12,2
DA:13,1
DA:15,1
LF:10
LH:10
BRDA:12,0,0,1
BRDA:12,0,1,1
BRF:2
BRH:2
end_of_record
TN:
SF:src/main/controller/getAllTodos.ts
FN:6,(anonymous_8)
FN:9,(anonymous_9)
FN:9,(anonymous_10)
FNF:3
FNH:3
FNDA:2,(anonymous_8)
FNDA:2,(anonymous_9)
FNDA:2,(anonymous_10)
DA:2,2
DA:3,2
DA:4,2
DA:7,2
DA:9,2
DA:10,2
DA:11,2
DA:12,2
DA:14,0
LF:9
LH:8
BRF:0
BRH:0
end_of_record
TN:
SF:src/main/controller/getTodoById.ts
FN:7,(anonymous_8)
FN:10,(anonymous_9)
FN:10,(anonymous_10)
FNF:3
FNH:3
FNDA:2,(anonymous_8)
FNDA:2,(anonymous_9)
FNDA:2,(anonymous_10)
DA:2,2
DA:3,2
DA:4,2
DA:5,2
DA:8,2
DA:10,2
DA:11,2
DA:12,2
DA:13,2
DA:14,1
DA:16,1
DA:19,0
LF:12
LH:11
BRDA:13,0,0,1
BRDA:13,0,1,1
BRF:2
BRH:2
end_of_record
TN:
SF:src/main/controller/updateTodoById.ts
FN:7,(anonymous_8)
FN:10,(anonymous_9)
FN:10,(anonymous_10)
FNF:3
FNH:3
FNDA:2,(anonymous_8)
FNDA:2,(anonymous_9)
FNDA:2,(anonymous_10)
DA:2,2
DA:3,2
DA:4,2
DA:5,2
DA:8,2
DA:10,2
DA:11,2
DA:12,2
DA:16,2
DA:17,1
DA:19,1
DA:22,0
LF:12
LH:11
BRDA:16,0,0,1
BRDA:16,0,1,1
BRF:2
BRH:2
end_of_record
TN:
SF:src/main/db/db.ts
FN:7,(anonymous_1)
FN:12,(anonymous_2)
FNF:2
FNH:1
FNDA:1,(anonymous_1)
FNDA:0,(anonymous_2)
DA:1,1
DA:3,1
DA:5,1
DA:8,1
DA:13,0
LF:5
LH:4
BRF:0
BRH:0
end_of_record
TN:
SF:src/main/exceptions/HttpException.ts
FN:4,(anonymous_0)
FNF:1
FNH:1
FNDA:8,(anonymous_0)
DA:1,5
DA:5,8
DA:6,8
DA:7,8
LF:4
LH:4
BRF:0
BRH:0
end_of_record
TN:
SF:src/main/exceptions/NotFoundException.ts
FN:4,(anonymous_0)
FNF:1
FNH:1
FNDA:6,(anonymous_0)
DA:1,4
DA:5,6
DA:9,4
LF:3
LH:3
BRF:0
BRH:0
end_of_record
TN:
SF:src/main/lib/logger.ts
FN:32,(anonymous_1)
FNF:1
FNH:1
FNDA:9,(anonymous_1)
DA:1,2
DA:3,2
DA:11,2
DA:18,2
DA:26,2
DA:28,2
DA:32,9
DA:36,2
DA:46,2
DA:53,2
LF:10
LH:10
BRF:0
BRH:0
end_of_record
TN:
SF:src/main/middleware/validationMiddleware.ts
FN:5,(anonymous_7)
FN:9,(anonymous_8)
FNF:2
FNH:2
FNDA:2,(anonymous_7)
FNDA:2,(anonymous_8)
DA:1,2
DA:3,2
DA:5,2
DA:9,2
DA:10,2
DA:11,2
DA:12,1
DA:14,1
LF:8
LH:8
BRDA:11,0,0,1
BRDA:11,0,1,1
BRF:2
BRH:2
end_of_record
TN:
SF:src/main/models/todo.ts
FNF:0
FNH:0
DA:1,9
DA:3,9
DA:29,9
LF:3
LH:3
BRF:0
BRH:0
end_of_record
TN:
SF:src/main/schedulers/checkTodoStatus.ts
FN:10,(anonymous_8)
FN:10,(anonymous_9)
FN:65,(anonymous_10)
FNF:3
FNH:3
FNDA:1,(anonymous_8)
FNDA:1,(anonymous_9)
FNDA:5,(anonymous_10)
DA:1,2
DA:2,2
DA:3,2
DA:4,2
DA:5,2
DA:6,2
DA:8,2
DA:9,2
DA:10,2
DA:11,1
DA:12,1
DA:13,0
DA:16,1
DA:17,3
DA:18,3
DA:19,3
DA:21,3
DA:22,1
DA:23,1
DA:26,3
DA:31,3
DA:32,3
DA:33,3
DA:34,3
DA:37,3
DA:42,1
DA:43,1
DA:46,3
DA:56,3
DA:58,1
DA:65,2
DA:70,5
LF:32
LH:31
BRDA:12,0,0,0
BRDA:21,1,0,1
BRDA:21,2,0,3
BRDA:21,2,1,1
BRDA:26,3,0,3
BRDA:27,4,0,3
BRDA:27,4,1,3
BRDA:27,4,2,3
BRDA:37,5,0,1
BRDA:38,6,0,3
BRDA:38,6,1,2
BRDA:38,6,2,1
BRF:12
BRH:11
end_of_record
TN:
SF:src/main/service/mailService.ts
FN:4,(anonymous_1)
FN:20,(anonymous_2)
FN:23,(anonymous_3)
FNF:3
FNH:1
FNDA:2,(anonymous_1)
FNDA:0,(anonymous_2)
FNDA:0,(anonymous_3)
DA:1,2
DA:3,2
DA:5,2
DA:13,2
DA:21,0
DA:22,0
DA:23,0
DA:24,0
DA:25,0
DA:27,0
LF:10
LH:4
BRDA:24,0,0,0
BRDA:24,0,1,0
BRF:2
BRH:0
end_of_record
TN:
SF:src/main/service/todoService.ts
FN:6,(anonymous_7)
FN:9,(anonymous_8)
FN:13,(anonymous_10)
FN:17,(anonymous_12)
FN:21,(anonymous_14)
FN:44,(anonymous_16)
FN:49,(anonymous_18)
FNF:7
FNH:7
FNDA:11,(anonymous_7)
FNDA:2,(anonymous_8)
FNDA:2,(anonymous_10)
FNDA:2,(anonymous_12)
FNDA:1,(anonymous_14)
FNDA:2,(anonymous_16)
FNDA:1,(anonymous_18)
DA:4,9
DA:7,11
DA:10,2
DA:11,2
DA:14,2
DA:15,2
DA:18,2
DA:19,2
DA:22,1
DA:32,1
DA:40,1
DA:41,1
DA:45,2
DA:46,2
DA:50,1
DA:51,1
LF:16
LH:16
BRF:0
BRH:0
end_of_record
TN:
SF:src/test/connectDBForTesting.ts
FN:5,connectDBForTesting
FN:14,(anonymous_10)
FN:20,disconnectDBForTesting
FN:22,(anonymous_13)
FN:28,clearDBForTesting
FN:32,(anonymous_16)
FNF:6
FNH:3
FNDA:2,connectDBForTesting
FNDA:0,(anonymous_10)
FNDA:2,disconnectDBForTesting
FNDA:0,(anonymous_13)
FNDA:10,clearDBForTesting
FNDA:0,(anonymous_16)
DA:1,2
DA:2,2
DA:5,2
DA:6,2
DA:7,2
DA:8,2
DA:9,2
DA:15,0
DA:16,0
DA:20,2
DA:21,2
DA:22,2
DA:23,0
DA:25,2
DA:28,2
DA:29,10
DA:30,10
DA:31,10
DA:32,10
DA:33,0
LF:20
LH:16
BRF:0
BRH:0
end_of_record
